<?xml version="1.0" encoding="UTF-8"?>
<!-- Generated by org.testng.reporters.JUnitReportReporter -->
<testsuite skipped="0" hostname="DESKTOP-NUFG68S" name="PracticePrograms.CreateCustomerTest" tests="1" failures="0" timestamp="2021-06-21T09:46:02 IST" time="0.014" errors="0">
  <testcase name="createCustomerTest" time="0.014" classname="PracticePrograms.CreateCustomerTest"/>
  <system-out/>
</testsuite> <!-- PracticePrograms.CreateCustomerTest -->
