<?xml version="1.0" encoding="UTF-8"?>
<!-- Generated by org.testng.reporters.JUnitReportReporter -->
<testsuite skipped="0" hostname="DESKTOP-NUFG68S" name="JDBC.ExecuteQuery" tests="1" failures="0" timestamp="2021-06-21T01:10:21 IST" time="0.344" errors="0">
  <testcase name="executeQuery" time="0.344" classname="JDBC.ExecuteQuery"/>
  <system-out/>
</testsuite> <!-- JDBC.ExecuteQuery -->
