<?xml version="1.0" encoding="UTF-8"?>
<!-- Generated by org.testng.reporters.JUnitReportReporter -->
<testsuite skipped="0" hostname="DESKTOP-NUFG68S" name="Repositry.CreateOrganization" tests="1" failures="0" timestamp="2021-06-30T12:02:34 IST" time="119.771" errors="0">
  <testcase name="CreateOrganizationJson" time="119.771" classname="Repositry.CreateOrganization"/>
  <system-out/>
</testsuite> <!-- Repositry.CreateOrganization -->
