<?xml version="1.0" encoding="UTF-8"?>
<!-- Generated by org.testng.reporters.JUnitReportReporter -->
<testsuite skipped="0" hostname="DESKTOP-NUFG68S" name="TableHandling.CreateOrganizationJson" tests="1" failures="0" timestamp="2021-06-23T10:54:41 IST" time="95.363" errors="0">
  <testcase name="CreateOrganizationJson" time="95.363" classname="TableHandling.CreateOrganizationJson"/>
  <system-out/>
</testsuite> <!-- TableHandling.CreateOrganizationJson -->
