<?xml version="1.0" encoding="UTF-8"?>
<!-- Generated by org.testng.reporters.JUnitReportReporter -->
<testsuite skipped="0" hostname="DESKTOP-NUFG68S" name="PracticePrograms.CreateCustomerTest" tests="1" failures="0" timestamp="2021-06-26T18:16:01 IST" time="0.015" errors="0">
  <testcase name="createCustomerTest" time="0.015" classname="PracticePrograms.CreateCustomerTest"/>
  <system-out/>
</testsuite> <!-- PracticePrograms.CreateCustomerTest -->
