<?xml version="1.0" encoding="UTF-8"?>
<!-- Generated by org.testng.reporters.JUnitReportReporter -->
<testsuite skipped="0" hostname="DESKTOP-NUFG68S" name="com.crm.genericUnit.JavaUtility" tests="1" failures="0" timestamp="2021-06-23T00:42:30 IST" time="0.016" errors="0">
  <testcase name="getRandomData" time="0.016" classname="com.crm.genericUnit.JavaUtility"/>
  <system-out/>
</testsuite> <!-- com.crm.genericUnit.JavaUtility -->
