<?xml version="1.0" encoding="UTF-8"?>
<!-- Generated by org.testng.reporters.JUnitReportReporter -->
<testsuite skipped="0" hostname="DESKTOP-NUFG68S" name="PracticePrograms.ReadDatafromPropertiesFile" tests="1" failures="0" timestamp="2021-06-20T01:33:33 IST" time="0.016" errors="0">
  <testcase name="readDataTest" time="0.016" classname="PracticePrograms.ReadDatafromPropertiesFile"/>
  <system-out/>
</testsuite> <!-- PracticePrograms.ReadDatafromPropertiesFile -->
